<?xml version="1.0" encoding="UTF-8"?>
<!-- Generated by org.testng.reporters.JUnitXMLReporter -->
<testsuite hostname="JBARBARAN" name="TestCases Christian" tests="4" failures="1" timestamp="23 Oct 2013 22:32:27 GMT" time="166.701" errors="0">
  <testcase name="LoginUserBrasilOk" time="21.737" classname="ariba.earchive.framework.tests.LoginBRA"/>
  <testcase name="SearchBySupplierNameOK" time="58.718" classname="ariba.earchive.framework.tests.WBSearchBySupplierName">
    <failure type="java.lang.AssertionError" message="Unable to find element with id == ctl00_DefaultContent_rgvWBData_ctl00 (WARNING: The server did not provide any stacktrace information)
Command duration or timeout: 309 milliseconds
For documentation on this error, please visit: http://seleniumhq.org/exceptions/no_such_element.html
Build info: version: &amp;apos;2.29.0&amp;apos;, revision: &amp;apos;58258c3&amp;apos;, time: &amp;apos;2013-01-17 22:47:00&amp;apos;
System info: os.name: &amp;apos;Windows 7&amp;apos;, os.arch: &amp;apos;amd64&amp;apos;, os.version: &amp;apos;6.1&amp;apos;, java.version: &amp;apos;1.7.0_40&amp;apos;
Session ID: 6e7c7e6a-001d-443b-be3c-c0ebb27e7702
Driver info: org.openqa.selenium.ie.InternetExplorerDriver
Capabilities [{platform=WINDOWS, javascriptEnabled=true, elementScrollBehavior=0, ignoreZoomSetting=false, enablePersistentHover=true, ie.ensureCleanSession=false, browserName=internet explorer, enableElementCacheCleanup=true, unexpectedAlertBehaviour=dismiss, version=8, ie.usePerProcessProxy=false, ignoreProtectedModeSettings=false, cssSelectorsEnabled=true, requireWindowFocus=false, initialBrowserUrl=http://localhost:43575/, handlesAlerts=true, ie.forceCreateProcessApi=false, nativeEvents=true, browserAttachTimeout=0, ie.browserCommandLineSwitches=, takesScreenshot=true}]">
      <![CDATA[java.lang.AssertionError: Unable to find element with id == ctl00_DefaultContent_rgvWBData_ctl00 (WARNING: The server did not provide any stacktrace information)
Command duration or timeout: 309 milliseconds
For documentation on this error, please visit: http://seleniumhq.org/exceptions/no_such_element.html
Build info: version: '2.29.0', revision: '58258c3', time: '2013-01-17 22:47:00'
System info: os.name: 'Windows 7', os.arch: 'amd64', os.version: '6.1', java.version: '1.7.0_40'
Session ID: 6e7c7e6a-001d-443b-be3c-c0ebb27e7702
Driver info: org.openqa.selenium.ie.InternetExplorerDriver
Capabilities [{platform=WINDOWS, javascriptEnabled=true, elementScrollBehavior=0, ignoreZoomSetting=false, enablePersistentHover=true, ie.ensureCleanSession=false, browserName=internet explorer, enableElementCacheCleanup=true, unexpectedAlertBehaviour=dismiss, version=8, ie.usePerProcessProxy=false, ignoreProtectedModeSettings=false, cssSelectorsEnabled=true, requireWindowFocus=false, initialBrowserUrl=http://localhost:43575/, handlesAlerts=true, ie.forceCreateProcessApi=false, nativeEvents=true, browserAttachTimeout=0, ie.browserCommandLineSwitches=, takesScreenshot=true}]
	at ariba.earchive.framework.tests.WBSearchBySupplierName.SearchBySupplierNameOK(WBSearchBySupplierName.java:40)
... Removed 25 stack frames]]>
    </failure>
  </testcase> <!-- SearchBySupplierNameOK -->
  <testcase name="LoginUserEuropeOK" time="14.346" classname="ariba.earchive.framework.tests.LoginEUR"/>
  <testcase name="searhByCountrySupplier" time="51.817" classname="ariba.earchive.framework.tests.WBSearchByCountrySupplier"/>
</testsuite> <!-- TestCases Christian -->
